Project "HelloW_Appbuilder.tmp.proj" (default targets):
	ios Build Tooling revision 2015.12.09.2r
	Warning: [xcode-build] Compile /Users/builder/BpcTooling/Cordova3/Plugins/com.telerik.LiveSync/src/ios/TLKLiveSync/UIViewController+LiveSync.m: /Users/builder/BpcTooling/Cordova3/Plugins/com.telerik.LiveSync/src/ios/TLKLiveSync/UIViewController+LiveSync.m:321:47: warning: undeclared selector 'wkWebView' [-Wundeclared-selector]
/Users/builder/BpcTooling/Cordova3/Plugins/com.telerik.LiveSync/src/ios/TLKLiveSync/UIViewController+LiveSync.m:322:37: warning: undeclared selector 'reloadFromOrigin' [-Wundeclared-selector]
	Warning: [xcode-build] Compile /Users/builder/BpcTooling/Cordova3/3.7.0/CorePlugins/org.apache.cordova.file/src/ios/CDVLocalFilesystem.m: /Users/builder/BpcTooling/Cordova3/3.7.0/CorePlugins/org.apache.cordova.file/src/ios/CDVLocalFilesystem.m:438:93: warning: implicit conversion loses integer precision: 'NSUInteger' (aka 'unsigned long') to 'int' [-Wshorten-64-to-32]
	Warning: [xcode-build] Compile /Users/builder/BpcTooling/Cordova3/3.7.0/CorePlugins/org.apache.cordova.file-transfer/src/ios/CDVFileTransfer.m: /Users/builder/BpcTooling/Cordova3/3.7.0/CorePlugins/org.apache.cordova.file-transfer/src/ios/CDVFileTransfer.m:642:29: warning: implicit conversion loses integer precision: 'NSInteger' (aka 'long') to 'int' [-Wshorten-64-to-32]
	Warning: [xcode-build] Compile /Users/builder/BpcTooling/Cordova3/3.7.0/CorePlugins/org.apache.cordova.media/src/ios/CDVSound.m: /Users/builder/BpcTooling/Cordova3/3.7.0/CorePlugins/org.apache.cordova.media/src/ios/CDVSound.m:533:187: warning: 'toSuccessCallbackString:' is deprecated: Deprecated in Cordova 3.6. Use the CDVCommandDelegate method sendPluginResult:callbackId instead. This will be removed in 4.0.0 [-Wdeprecated-declarations]
In file included from /Users/builder/BpcTooling/Cordova3/3.7.0/CorePlugins/org.apache.cordova.media/src/ios/CDVSound.m:20:
In file included from /Users/builder/BpcTooling/Cordova3/3.7.0/CorePlugins/org.apache.cordova.media/src/ios/CDVSound.h:24:
In file included from /tmp/builds/DYLXbNnb26m8C8OgeX/app/build/include/Cordova/CDVPlugin.h:22:
/tmp/builds/DYLXbNnb26m8C8OgeX/app/build/include/Cordova/CDVPluginResult.h:67:1: note: 'toSuccessCallbackString:' has been explicitly marked deprecated here
	Warning: [xcode-build] Compile /Users/builder/BpcTooling/Cordova3/3.7.0/CorePlugins/org.apache.cordova.media-capture/src/ios/CDVCapture.m: /Users/builder/BpcTooling/Cordova3/3.7.0/CorePlugins/org.apache.cordova.media-capture/src/ios/CDVCapture.m:565:13: warning: 'CDV_IsIPad' is deprecated: Deprecated in Cordova 3.7.0. This will be removed in 4.0.0 [-Wdeprecated-declarations]
In file included from /Users/builder/BpcTooling/Cordova3/3.7.0/CorePlugins/org.apache.cordova.media-capture/src/ios/CDVCapture.m:20:
In file included from /Users/builder/BpcTooling/Cordova3/3.7.0/CorePlugins/org.apache.cordova.media-capture/src/ios/CDVCapture.h:23:
In file included from /tmp/builds/DYLXbNnb26m8C8OgeX/app/build/include/Cordova/CDVPlugin.h:22:
In file included from /tmp/builds/DYLXbNnb26m8C8OgeX/app/build/include/Cordova/CDVPluginResult.h:21:
In file included from /tmp/builds/DYLXbNnb26m8C8OgeX/app/build/include/Cordova/CDVAvailability.h:20:
/tmp/builds/DYLXbNnb26m8C8OgeX/app/build/include/Cordova/CDVAvailabilityDeprecated.h:32:20: note: 'CDV_IsIPad' has been explicitly marked deprecated here
/Users/builder/BpcTooling/Cordova3/3.7.0/CorePlugins/org.apache.cordova.media-capture/src/ios/CDVCapture.m:604:9: warning: 'CDV_IsIPhone5' is deprecated: Deprecated in Cordova 3.7.0. This will be removed in 4.0.0 [-Wdeprecated-declarations]
In file included from /Users/builder/BpcTooling/Cordova3/3.7.0/CorePlugins/org.apache.cordova.media-capture/src/ios/CDVCapture.m:20:
In file included from /Users/builder/BpcTooling/Cordova3/3.7.0/CorePlugins/org.apache.cordova.media-capture/src/ios/CDVCapture.h:23:
In file included from /tmp/builds/DYLXbNnb26m8C8OgeX/app/build/include/Cordova/CDVPlugin.h:22:
In file included from /tmp/builds/DYLXbNnb26m8C8OgeX/app/build/include/Cordova/CDVPluginResult.h:21:
In file included from /tmp/builds/DYLXbNnb26m8C8OgeX/app/build/include/Cordova/CDVAvailability.h:20:
/tmp/builds/DYLXbNnb26m8C8OgeX/app/build/include/Cordova/CDVAvailabilityDeprecated.h:36:20: note: 'CDV_IsIPhone5' has been explicitly marked deprecated here
/Users/builder/BpcTooling/Cordova3/3.7.0/CorePlugins/org.apache.cordova.media-capture/src/ios/CDVCapture.m:809:60: warning: comparison of address of 'UIAccessibilityAnnouncementNotification' not equal to a null pointer is always true [-Wtautological-pointer-compare]
	Warning: [xcode-build] Compile /Users/builder/BpcTooling/Cordova3/3.7.0/CorePlugins/org.apache.cordova.splashscreen/src/ios/CDVSplashScreen.m: /Users/builder/BpcTooling/Cordova3/3.7.0/CorePlugins/org.apache.cordova.splashscreen/src/ios/CDVSplashScreen.m:237:60: warning: 'CDV_IsIPad' is deprecated: Deprecated in Cordova 3.7.0. This will be removed in 4.0.0 [-Wdeprecated-declarations]
In file included from /Users/builder/BpcTooling/Cordova3/3.7.0/CorePlugins/org.apache.cordova.splashscreen/src/ios/CDVSplashScreen.m:20:
In file included from /Users/builder/BpcTooling/Cordova3/3.7.0/CorePlugins/org.apache.cordova.splashscreen/src/ios/CDVSplashScreen.h:21:
In file included from /tmp/builds/DYLXbNnb26m8C8OgeX/app/build/include/Cordova/CDVPlugin.h:22:
In file included from /tmp/builds/DYLXbNnb26m8C8OgeX/app/build/include/Cordova/CDVPluginResult.h:21:
In file included from /tmp/builds/DYLXbNnb26m8C8OgeX/app/build/include/Cordova/CDVAvailability.h:20:
/tmp/builds/DYLXbNnb26m8C8OgeX/app/build/include/Cordova/CDVAvailabilityDeprecated.h:32:20: note: 'CDV_IsIPad' has been explicitly marked deprecated here
	Warning: [xcode-build] Compile /Users/builder/BpcTooling/Cordova3/3.7.0/CorePlugins/org.apache.cordova.statusbar/src/ios/CDVStatusBar.m: /Users/builder/BpcTooling/Cordova3/3.7.0/CorePlugins/org.apache.cordova.statusbar/src/ios/CDVStatusBar.m:171:40: warning: implicit conversion from enumeration type 'UIInterfaceOrientation' (aka 'enum UIInterfaceOrientation') to different enumeration type 'UIDeviceOrientation' (aka 'enum UIDeviceOrientation') [-Wenum-conversion]
/Users/builder/BpcTooling/Cordova3/3.7.0/CorePlugins/org.apache.cordova.statusbar/src/ios/CDVStatusBar.m:194:44: warning: implicit conversion from enumeration type 'UIInterfaceOrientation' (aka 'enum UIInterfaceOrientation') to different enumeration type 'UIDeviceOrientation' (aka 'enum UIDeviceOrientation') [-Wenum-conversion]
/Users/builder/BpcTooling/Cordova3/3.7.0/CorePlugins/org.apache.cordova.statusbar/src/ios/CDVStatusBar.m:208:44: warning: implicit conversion from enumeration type 'UIInterfaceOrientation' (aka 'enum UIInterfaceOrientation') to different enumeration type 'UIDeviceOrientation' (aka 'enum UIDeviceOrientation') [-Wenum-conversion]
/Users/builder/BpcTooling/Cordova3/3.7.0/CorePlugins/org.apache.cordova.statusbar/src/ios/CDVStatusBar.m:368:52: warning: implicit conversion from enumeration type 'UIInterfaceOrientation' (aka 'enum UIInterfaceOrientation') to different enumeration type 'UIDeviceOrientation' (aka 'enum UIDeviceOrientation') [-Wenum-conversion]
/Users/builder/BpcTooling/Cordova3/3.7.0/CorePlugins/org.apache.cordova.statusbar/src/ios/CDVStatusBar.m:419:52: warning: implicit conversion from enumeration type 'UIInterfaceOrientation' (aka 'enum UIInterfaceOrientation') to different enumeration type 'UIDeviceOrientation' (aka 'enum UIDeviceOrientation') [-Wenum-conversion]
	Warning: [xcode-build] Compile /Users/builder/BpcTooling/Cordova3/Plugins/com.telerik.LiveSync/src/ios/TLKLiveSync/UIViewController+LiveSync.m: /Users/builder/BpcTooling/Cordova3/Plugins/com.telerik.LiveSync/src/ios/TLKLiveSync/UIViewController+LiveSync.m:321:47: warning: undeclared selector 'wkWebView' [-Wundeclared-selector]
/Users/builder/BpcTooling/Cordova3/Plugins/com.telerik.LiveSync/src/ios/TLKLiveSync/UIViewController+LiveSync.m:322:37: warning: undeclared selector 'reloadFromOrigin' [-Wundeclared-selector]
	Warning: [xcode-build] Compile /Users/builder/BpcTooling/Cordova3/3.7.0/CorePlugins/org.apache.cordova.media/src/ios/CDVSound.m: /Users/builder/BpcTooling/Cordova3/3.7.0/CorePlugins/org.apache.cordova.media/src/ios/CDVSound.m:533:187: warning: 'toSuccessCallbackString:' is deprecated: Deprecated in Cordova 3.6. Use the CDVCommandDelegate method sendPluginResult:callbackId instead. This will be removed in 4.0.0 [-Wdeprecated-declarations]
In file included from /Users/builder/BpcTooling/Cordova3/3.7.0/CorePlugins/org.apache.cordova.media/src/ios/CDVSound.m:20:
In file included from /Users/builder/BpcTooling/Cordova3/3.7.0/CorePlugins/org.apache.cordova.media/src/ios/CDVSound.h:24:
In file included from /tmp/builds/DYLXbNnb26m8C8OgeX/app/build/include/Cordova/CDVPlugin.h:22:
/tmp/builds/DYLXbNnb26m8C8OgeX/app/build/include/Cordova/CDVPluginResult.h:67:1: note: 'toSuccessCallbackString:' has been explicitly marked deprecated here
	Warning: [xcode-build] Compile /Users/builder/BpcTooling/Cordova3/3.7.0/CorePlugins/org.apache.cordova.media-capture/src/ios/CDVCapture.m: /Users/builder/BpcTooling/Cordova3/3.7.0/CorePlugins/org.apache.cordova.media-capture/src/ios/CDVCapture.m:565:13: warning: 'CDV_IsIPad' is deprecated: Deprecated in Cordova 3.7.0. This will be removed in 4.0.0 [-Wdeprecated-declarations]
In file included from /Users/builder/BpcTooling/Cordova3/3.7.0/CorePlugins/org.apache.cordova.media-capture/src/ios/CDVCapture.m:20:
In file included from /Users/builder/BpcTooling/Cordova3/3.7.0/CorePlugins/org.apache.cordova.media-capture/src/ios/CDVCapture.h:23:
In file included from /tmp/builds/DYLXbNnb26m8C8OgeX/app/build/include/Cordova/CDVPlugin.h:22:
In file included from /tmp/builds/DYLXbNnb26m8C8OgeX/app/build/include/Cordova/CDVPluginResult.h:21:
In file included from /tmp/builds/DYLXbNnb26m8C8OgeX/app/build/include/Cordova/CDVAvailability.h:20:
/tmp/builds/DYLXbNnb26m8C8OgeX/app/build/include/Cordova/CDVAvailabilityDeprecated.h:32:20: note: 'CDV_IsIPad' has been explicitly marked deprecated here
/Users/builder/BpcTooling/Cordova3/3.7.0/CorePlugins/org.apache.cordova.media-capture/src/ios/CDVCapture.m:604:9: warning: 'CDV_IsIPhone5' is deprecated: Deprecated in Cordova 3.7.0. This will be removed in 4.0.0 [-Wdeprecated-declarations]
In file included from /Users/builder/BpcTooling/Cordova3/3.7.0/CorePlugins/org.apache.cordova.media-capture/src/ios/CDVCapture.m:20:
In file included from /Users/builder/BpcTooling/Cordova3/3.7.0/CorePlugins/org.apache.cordova.media-capture/src/ios/CDVCapture.h:23:
In file included from /tmp/builds/DYLXbNnb26m8C8OgeX/app/build/include/Cordova/CDVPlugin.h:22:
In file included from /tmp/builds/DYLXbNnb26m8C8OgeX/app/build/include/Cordova/CDVPluginResult.h:21:
In file included from /tmp/builds/DYLXbNnb26m8C8OgeX/app/build/include/Cordova/CDVAvailability.h:20:
/tmp/builds/DYLXbNnb26m8C8OgeX/app/build/include/Cordova/CDVAvailabilityDeprecated.h:36:20: note: 'CDV_IsIPhone5' has been explicitly marked deprecated here
/Users/builder/BpcTooling/Cordova3/3.7.0/CorePlugins/org.apache.cordova.media-capture/src/ios/CDVCapture.m:809:60: warning: comparison of address of 'UIAccessibilityAnnouncementNotification' not equal to a null pointer is always true [-Wtautological-pointer-compare]
	Warning: [xcode-build] Compile /Users/builder/BpcTooling/Cordova3/3.7.0/CorePlugins/org.apache.cordova.splashscreen/src/ios/CDVSplashScreen.m: /Users/builder/BpcTooling/Cordova3/3.7.0/CorePlugins/org.apache.cordova.splashscreen/src/ios/CDVSplashScreen.m:237:60: warning: 'CDV_IsIPad' is deprecated: Deprecated in Cordova 3.7.0. This will be removed in 4.0.0 [-Wdeprecated-declarations]
In file included from /Users/builder/BpcTooling/Cordova3/3.7.0/CorePlugins/org.apache.cordova.splashscreen/src/ios/CDVSplashScreen.m:20:
In file included from /Users/builder/BpcTooling/Cordova3/3.7.0/CorePlugins/org.apache.cordova.splashscreen/src/ios/CDVSplashScreen.h:21:
In file included from /tmp/builds/DYLXbNnb26m8C8OgeX/app/build/include/Cordova/CDVPlugin.h:22:
In file included from /tmp/builds/DYLXbNnb26m8C8OgeX/app/build/include/Cordova/CDVPluginResult.h:21:
In file included from /tmp/builds/DYLXbNnb26m8C8OgeX/app/build/include/Cordova/CDVAvailability.h:20:
/tmp/builds/DYLXbNnb26m8C8OgeX/app/build/include/Cordova/CDVAvailabilityDeprecated.h:32:20: note: 'CDV_IsIPad' has been explicitly marked deprecated here
	Warning: [xcode-build] Compile /Users/builder/BpcTooling/Cordova3/3.7.0/CorePlugins/org.apache.cordova.statusbar/src/ios/CDVStatusBar.m: /Users/builder/BpcTooling/Cordova3/3.7.0/CorePlugins/org.apache.cordova.statusbar/src/ios/CDVStatusBar.m:171:40: warning: implicit conversion from enumeration type 'UIInterfaceOrientation' (aka 'enum UIInterfaceOrientation') to different enumeration type 'UIDeviceOrientation' (aka 'enum UIDeviceOrientation') [-Wenum-conversion]
/Users/builder/BpcTooling/Cordova3/3.7.0/CorePlugins/org.apache.cordova.statusbar/src/ios/CDVStatusBar.m:194:44: warning: implicit conversion from enumeration type 'UIInterfaceOrientation' (aka 'enum UIInterfaceOrientation') to different enumeration type 'UIDeviceOrientation' (aka 'enum UIDeviceOrientation') [-Wenum-conversion]
/Users/builder/BpcTooling/Cordova3/3.7.0/CorePlugins/org.apache.cordova.statusbar/src/ios/CDVStatusBar.m:208:44: warning: implicit conversion from enumeration type 'UIInterfaceOrientation' (aka 'enum UIInterfaceOrientation') to different enumeration type 'UIDeviceOrientation' (aka 'enum UIDeviceOrientation') [-Wenum-conversion]
/Users/builder/BpcTooling/Cordova3/3.7.0/CorePlugins/org.apache.cordova.statusbar/src/ios/CDVStatusBar.m:368:52: warning: implicit conversion from enumeration type 'UIInterfaceOrientation' (aka 'enum UIInterfaceOrientation') to different enumeration type 'UIDeviceOrientation' (aka 'enum UIDeviceOrientation') [-Wenum-conversion]
/Users/builder/BpcTooling/Cordova3/3.7.0/CorePlugins/org.apache.cordova.statusbar/src/ios/CDVStatusBar.m:419:52: warning: implicit conversion from enumeration type 'UIInterfaceOrientation' (aka 'enum UIInterfaceOrientation') to different enumeration type 'UIDeviceOrientation' (aka 'enum UIDeviceOrientation') [-Wenum-conversion]
Done building project "HelloW_Appbuilder.tmp.proj".
